[2024-04-16 12:12:11,096] multiqc                                            [DEBUG  ]  This is MultiQC v1.13
[2024-04-16 12:12:11,097] multiqc                                            [DEBUG  ]  Command used: /opt/nesi/CS400_centos7_bdw/MultiQC/1.13-gimkl-2022a-Python-3.10.5/bin/multiqc ./H01383_markdup.bam ./H01383_markdup.bam.csi ./H01383_markdup.mosdepth.global.dist.txt ./H01383_markdup.mosdepth.region.dist.txt ./H01383_markdup.mosdepth.summary.txt ./H01383_markdup.per-base.bed.gz ./H01383_markdup.per-base.bed.gz.csi ./H01383_markdup.regions.bed.gz ./H01383_markdup.regions.bed.gz.csi ./H01383_markdup_autosomes.bam ./H01383_markdup_autosomes.bam.csi ./H01384_markdup.bam ./H01384_markdup.bam.csi ./H01384_markdup.mosdepth.global.dist.txt ./H01384_markdup.mosdepth.region.dist.txt ./H01384_markdup.mosdepth.summary.txt ./H01384_markdup.per-base.bed.gz ./H01384_markdup.per-base.bed.gz.csi ./H01384_markdup.regions.bed.gz ./H01384_markdup.regions.bed.gz.csi ./H01384_markdup_autosomes.bam ./H01384_markdup_autosomes.bam.csi ./H01385_markdup.bam ./H01385_markdup.bam.csi ./H01385_markdup.mosdepth.global.dist.txt ./H01385_markdup.mosdepth.region.dist.txt ./H01385_markdup.mosdepth.summary.txt ./H01385_markdup.per-base.bed.gz ./H01385_markdup.per-base.bed.gz.csi ./H01385_markdup.regions.bed.gz ./H01385_markdup.regions.bed.gz.csi ./H01385_markdup_autosomes.bam ./H01385_markdup_autosomes.bam.csi ./H01386_markdup.bam ./H01386_markdup.bam.csi ./H01386_markdup.mosdepth.global.dist.txt ./H01386_markdup.mosdepth.region.dist.txt ./H01386_markdup.mosdepth.summary.txt ./H01386_markdup.per-base.bed.gz ./H01386_markdup.per-base.bed.gz.csi ./H01386_markdup.regions.bed.gz ./H01386_markdup.regions.bed.gz.csi ./H01386_markdup_autosomes.bam ./H01386_markdup_autosomes.bam.csi ./H01387_markdup.bam ./H01387_markdup.bam.csi ./H01387_markdup.mosdepth.global.dist.txt ./H01387_markdup.mosdepth.region.dist.txt ./H01387_markdup.mosdepth.summary.txt ./H01387_markdup.per-base.bed.gz ./H01387_markdup.per-base.bed.gz.csi ./H01387_markdup.regions.bed.gz ./H01387_markdup.regions.bed.gz.csi ./H01387_markdup_autosomes.bam ./H01387_markdup_autosomes.bam.csi ./H01388_markdup.bam ./H01388_markdup.bam.csi ./H01388_markdup.mosdepth.global.dist.txt ./H01388_markdup.mosdepth.region.dist.txt ./H01388_markdup.mosdepth.summary.txt ./H01388_markdup.per-base.bed.gz ./H01388_markdup.per-base.bed.gz.csi ./H01388_markdup.regions.bed.gz ./H01388_markdup.regions.bed.gz.csi ./H01388_markdup_autosomes.bam ./H01388_markdup_autosomes.bam.csi ./H01389_markdup.bam ./H01389_markdup.bam.csi ./H01389_markdup.mosdepth.global.dist.txt ./H01389_markdup.mosdepth.region.dist.txt ./H01389_markdup.mosdepth.summary.txt ./H01389_markdup.per-base.bed.gz ./H01389_markdup.per-base.bed.gz.csi ./H01389_markdup.regions.bed.gz ./H01389_markdup.regions.bed.gz.csi ./H01389_markdup_autosomes.bam ./H01389_markdup_autosomes.bam.csi ./H01390_markdup.bam ./H01390_markdup.bam.csi ./H01390_markdup.mosdepth.global.dist.txt ./H01390_markdup.mosdepth.region.dist.txt ./H01390_markdup.mosdepth.summary.txt ./H01390_markdup.per-base.bed.gz ./H01390_markdup.per-base.bed.gz.csi ./H01390_markdup.regions.bed.gz ./H01390_markdup.regions.bed.gz.csi ./H01390_markdup_autosomes.bam ./H01390_markdup_autosomes.bam.csi ./H01391_markdup.bam ./H01391_markdup.bam.csi ./H01391_markdup.mosdepth.global.dist.txt ./H01391_markdup.mosdepth.region.dist.txt ./H01391_markdup.mosdepth.summary.txt ./H01391_markdup.per-base.bed.gz ./H01391_markdup.per-base.bed.gz.csi ./H01391_markdup.regions.bed.gz ./H01391_markdup.regions.bed.gz.csi ./H01391_markdup_autosomes.bam ./H01391_markdup_autosomes.bam.csi ./H01392_markdup.bam ./H01392_markdup.bam.csi ./H01392_markdup.mosdepth.global.dist.txt ./H01392_markdup.mosdepth.region.dist.txt ./H01392_markdup.mosdepth.summary.txt ./H01392_markdup.per-base.bed.gz ./H01392_markdup.per-base.bed.gz.csi ./H01392_markdup.regions.bed.gz ./H01392_markdup.regions.bed.gz.csi ./H01392_markdup_autosomes.bam ./H01392_markdup_autosomes.bam.csi ./H01393_markdup.bam ./H01393_markdup.bam.csi ./H01393_markdup.mosdepth.global.dist.txt ./H01393_markdup.mosdepth.region.dist.txt ./H01393_markdup.mosdepth.summary.txt ./H01393_markdup.per-base.bed.gz ./H01393_markdup.per-base.bed.gz.csi ./H01393_markdup.regions.bed.gz ./H01393_markdup.regions.bed.gz.csi ./H01393_markdup_autosomes.bam ./H01393_markdup_autosomes.bam.csi ./H01394_markdup.bam ./H01394_markdup.bam.csi ./H01394_markdup.mosdepth.global.dist.txt ./H01394_markdup.mosdepth.region.dist.txt ./H01394_markdup.mosdepth.summary.txt ./H01394_markdup.per-base.bed.gz ./H01394_markdup.per-base.bed.gz.csi ./H01394_markdup.regions.bed.gz ./H01394_markdup.regions.bed.gz.csi ./H01394_markdup_autosomes.bam ./H01394_markdup_autosomes.bam.csi ./H01395_markdup.bam ./H01395_markdup.bam.csi ./H01395_markdup.mosdepth.global.dist.txt ./H01395_markdup.mosdepth.region.dist.txt ./H01395_markdup.mosdepth.summary.txt ./H01395_markdup.per-base.bed.gz ./H01395_markdup.per-base.bed.gz.csi ./H01395_markdup.regions.bed.gz ./H01395_markdup.regions.bed.gz.csi ./H01395_markdup_autosomes.bam ./H01395_markdup_autosomes.bam.csi ./H01396_markdup.bam ./H01396_markdup.bam.csi ./H01396_markdup.mosdepth.global.dist.txt ./H01396_markdup.mosdepth.region.dist.txt ./H01396_markdup.mosdepth.summary.txt ./H01396_markdup.per-base.bed.gz ./H01396_markdup.per-base.bed.gz.csi ./H01396_markdup.regions.bed.gz ./H01396_markdup.regions.bed.gz.csi ./H01396_markdup_autosomes.bam ./H01396_markdup_autosomes.bam.csi ./H01397_markdup.bam ./H01397_markdup.bam.csi ./H01397_markdup.mosdepth.global.dist.txt ./H01397_markdup.mosdepth.region.dist.txt ./H01397_markdup.mosdepth.summary.txt ./H01397_markdup.per-base.bed.gz ./H01397_markdup.per-base.bed.gz.csi ./H01397_markdup.regions.bed.gz ./H01397_markdup.regions.bed.gz.csi ./H01398_markdup.bam ./H01398_markdup.bam.csi ./H01398_markdup.mosdepth.global.dist.txt ./H01398_markdup.mosdepth.region.dist.txt ./H01398_markdup.mosdepth.summary.txt ./H01398_markdup.per-base.bed.gz ./H01398_markdup.per-base.bed.gz.csi ./H01398_markdup.regions.bed.gz ./H01398_markdup.regions.bed.gz.csi ./H01398_markdup_autosomes.bam ./H01398_markdup_autosomes.bam.csi ./H01399_markdup.bam ./H01399_markdup.bam.csi ./H01399_markdup.mosdepth.global.dist.txt ./H01399_markdup.mosdepth.region.dist.txt ./H01399_markdup.mosdepth.summary.txt ./H01399_markdup.per-base.bed.gz ./H01399_markdup.per-base.bed.gz.csi ./H01399_markdup.regions.bed.gz ./H01399_markdup.regions.bed.gz.csi ./H01399_markdup_autosomes.bam ./H01399_markdup_autosomes.bam.csi ./H01400_markdup.bam ./H01400_markdup.bam.csi ./H01400_markdup.mosdepth.global.dist.txt ./H01400_markdup.mosdepth.region.dist.txt ./H01400_markdup.mosdepth.summary.txt ./H01400_markdup.per-base.bed.gz ./H01400_markdup.per-base.bed.gz.csi ./H01400_markdup.regions.bed.gz ./H01400_markdup.regions.bed.gz.csi ./H01400_markdup_autosomes.bam ./H01400_markdup_autosomes.bam.csi ./H01401_markdup.bam ./H01401_markdup.bam.csi ./H01401_markdup.mosdepth.global.dist.txt ./H01401_markdup.mosdepth.region.dist.txt ./H01401_markdup.mosdepth.summary.txt ./H01401_markdup.per-base.bed.gz ./H01401_markdup.per-base.bed.gz.csi ./H01401_markdup.regions.bed.gz ./H01401_markdup.regions.bed.gz.csi ./H01401_markdup_autosomes.bam ./H01401_markdup_autosomes.bam.csi ./H01402_markdup.bam ./H01402_markdup.bam.csi ./H01402_markdup.mosdepth.global.dist.txt ./H01402_markdup.mosdepth.region.dist.txt ./H01402_markdup.mosdepth.summary.txt ./H01402_markdup.per-base.bed.gz ./H01402_markdup.per-base.bed.gz.csi ./H01402_markdup.regions.bed.gz ./H01402_markdup.regions.bed.gz.csi ./H01402_markdup_autosomes.bam ./H01402_markdup_autosomes.bam.csi ./H01403_markdup.bam ./H01403_markdup.bam.csi ./H01403_markdup.mosdepth.global.dist.txt ./H01403_markdup.mosdepth.region.dist.txt ./H01403_markdup.mosdepth.summary.txt ./H01403_markdup.per-base.bed.gz ./H01403_markdup.per-base.bed.gz.csi ./H01403_markdup.regions.bed.gz ./H01403_markdup.regions.bed.gz.csi ./H01403_markdup_autosomes.bam ./H01404_markdup.bam ./H01404_markdup.bam.csi ./H01404_markdup.mosdepth.global.dist.txt ./H01404_markdup.mosdepth.region.dist.txt ./H01404_markdup.mosdepth.summary.txt ./H01404_markdup.per-base.bed.gz ./H01404_markdup.per-base.bed.gz.csi ./H01404_markdup.regions.bed.gz ./H01404_markdup.regions.bed.gz.csi ./H01404_markdup_autosomes.bam ./H01404_markdup_autosomes.bam.csi ./H01405_markdup.bam ./H01405_markdup.bam.csi ./H01405_markdup.mosdepth.global.dist.txt ./H01405_markdup.mosdepth.region.dist.txt ./H01405_markdup.mosdepth.summary.txt ./H01405_markdup.per-base.bed.gz ./H01405_markdup.per-base.bed.gz.csi ./H01405_markdup.regions.bed.gz ./H01405_markdup.regions.bed.gz.csi ./H01405_markdup_autosomes.bam ./H01405_markdup_autosomes.bam.csi ./H01406_markdup.bam ./H01406_markdup.bam.csi ./H01406_markdup.mosdepth.global.dist.txt ./H01406_markdup.mosdepth.region.dist.txt ./H01406_markdup.mosdepth.summary.txt ./H01406_markdup.per-base.bed.gz ./H01406_markdup.per-base.bed.gz.csi ./H01406_markdup.regions.bed.gz ./H01406_markdup.regions.bed.gz.csi ./H01406_markdup_autosomes.bam ./H01406_markdup_autosomes.bam.bai ./kaki_mosdepth_markdup.45636227.err ./kaki_mosdepth_markdup.45636227.out ./kaki_mosdepth_markdup.45636605.err ./kaki_mosdepth_markdup.45636605.out ./mosdepth.sl
[2024-04-16 12:12:12,803] multiqc                                            [WARNING]  MultiQC Version v1.21 now available!
[2024-04-16 12:12:12,804] multiqc                                            [DEBUG  ]  Working dir : /scale_wlg_nobackup/filesets/nobackup/uc03718/variants/kaki/markdup
[2024-04-16 12:12:12,804] multiqc                                            [DEBUG  ]  Template    : default
[2024-04-16 12:12:12,804] multiqc                                            [DEBUG  ]  Running Python 3.10.5 (main, Jun 22 2022, 17:31:26) [GCC 11.3.0]
[2024-04-16 12:12:12,804] multiqc                                            [DEBUG  ]  Analysing modules: custom_content, ccs, ngsderive, purple, conpair, lima, peddy, somalier, methylQA, mosdepth, phantompeakqualtools, qualimap, preseq, quast, qorts, rna_seqc, rockhopper, rsem, rseqc, busco, bustools, goleft_indexcov, gffcompare, disambiguate, supernova, deeptools, sargasso, verifybamid, mirtrace, happy, mirtop, sambamba, homer, hops, macs2, theta2, snpeff, gatk, htseq, bcftools, featureCounts, fgbio, dragen, dedup, pbmarkdup, damageprofiler, biobambam2, jcvi, mtnucratio, picard, vep, sentieon, prokka, qc3C, nanostat, samblaster, samtools, sexdeterrmine, eigenstratdatabasetools, bamtools, jellyfish, vcftools, longranger, stacks, varscan2, snippy, bbmap, bismark, biscuit, hicexplorer, hicup, hicpro, salmon, kallisto, slamdunk, star, hisat2, tophat, bowtie2, bowtie1, snpsplit, odgi, pangolin, kat, leehom, adapterRemoval, clipandmerge, cutadapt, flexbar, kaiju, kraken, malt, trimmomatic, sickle, skewer, sortmerna, biobloomtools, fastq_screen, afterqc, fastp, fastqc, pychopper, pycoqc, minionqc, multivcfanalyzer, clusterflow, checkqc, bcl2fastq, bclconvert, interop, ivar, flash, seqyclean, optitype, whatshap
[2024-04-16 12:12:12,805] multiqc                                            [DEBUG  ]  Using temporary directory for creating report: /tmp/tmpf2nks1a8
[2024-04-16 12:12:13,337] multiqc                                            [INFO   ]  Search path : /scale_wlg_nobackup/filesets/nobackup/uc03718/variants/kaki/markdup/H01383_markdup.bam
[2024-04-16 12:12:13,337] multiqc                                            [INFO   ]  Search path : /scale_wlg_nobackup/filesets/nobackup/uc03718/variants/kaki/markdup/H01383_markdup.bam.csi
[2024-04-16 12:12:13,338] multiqc                                            [INFO   ]  Search path : /scale_wlg_nobackup/filesets/nobackup/uc03718/variants/kaki/markdup/H01383_markdup.mosdepth.global.dist.txt
[2024-04-16 12:12:13,338] multiqc                                            [INFO   ]  Search path : /scale_wlg_nobackup/filesets/nobackup/uc03718/variants/kaki/markdup/H01383_markdup.mosdepth.region.dist.txt
[2024-04-16 12:12:13,338] multiqc                                            [INFO   ]  Search path : /scale_wlg_nobackup/filesets/nobackup/uc03718/variants/kaki/markdup/H01383_markdup.mosdepth.summary.txt
[2024-04-16 12:12:13,338] multiqc                                            [INFO   ]  Search path : /scale_wlg_nobackup/filesets/nobackup/uc03718/variants/kaki/markdup/H01383_markdup.per-base.bed.gz
[2024-04-16 12:12:13,338] multiqc                                            [INFO   ]  Search path : /scale_wlg_nobackup/filesets/nobackup/uc03718/variants/kaki/markdup/H01383_markdup.per-base.bed.gz.csi
[2024-04-16 12:12:13,338] multiqc                                            [INFO   ]  Search path : /scale_wlg_nobackup/filesets/nobackup/uc03718/variants/kaki/markdup/H01383_markdup.regions.bed.gz
[2024-04-16 12:12:13,338] multiqc                                            [INFO   ]  Search path : /scale_wlg_nobackup/filesets/nobackup/uc03718/variants/kaki/markdup/H01383_markdup.regions.bed.gz.csi
[2024-04-16 12:12:13,338] multiqc                                            [INFO   ]  Search path : /scale_wlg_nobackup/filesets/nobackup/uc03718/variants/kaki/markdup/H01383_markdup_autosomes.bam
[2024-04-16 12:12:13,338] multiqc                                            [INFO   ]  Search path : /scale_wlg_nobackup/filesets/nobackup/uc03718/variants/kaki/markdup/H01383_markdup_autosomes.bam.csi
[2024-04-16 12:12:13,338] multiqc                                            [INFO   ]  Search path : /scale_wlg_nobackup/filesets/nobackup/uc03718/variants/kaki/markdup/H01384_markdup.bam
[2024-04-16 12:12:13,338] multiqc                                            [INFO   ]  Search path : /scale_wlg_nobackup/filesets/nobackup/uc03718/variants/kaki/markdup/H01384_markdup.bam.csi
[2024-04-16 12:12:13,338] multiqc                                            [INFO   ]  Search path : /scale_wlg_nobackup/filesets/nobackup/uc03718/variants/kaki/markdup/H01384_markdup.mosdepth.global.dist.txt
[2024-04-16 12:12:13,338] multiqc                                            [INFO   ]  Search path : /scale_wlg_nobackup/filesets/nobackup/uc03718/variants/kaki/markdup/H01384_markdup.mosdepth.region.dist.txt
[2024-04-16 12:12:13,338] multiqc                                            [INFO   ]  Search path : /scale_wlg_nobackup/filesets/nobackup/uc03718/variants/kaki/markdup/H01384_markdup.mosdepth.summary.txt
[2024-04-16 12:12:13,339] multiqc                                            [INFO   ]  Search path : /scale_wlg_nobackup/filesets/nobackup/uc03718/variants/kaki/markdup/H01384_markdup.per-base.bed.gz
[2024-04-16 12:12:13,339] multiqc                                            [INFO   ]  Search path : /scale_wlg_nobackup/filesets/nobackup/uc03718/variants/kaki/markdup/H01384_markdup.per-base.bed.gz.csi
[2024-04-16 12:12:13,339] multiqc                                            [INFO   ]  Search path : /scale_wlg_nobackup/filesets/nobackup/uc03718/variants/kaki/markdup/H01384_markdup.regions.bed.gz
[2024-04-16 12:12:13,339] multiqc                                            [INFO   ]  Search path : /scale_wlg_nobackup/filesets/nobackup/uc03718/variants/kaki/markdup/H01384_markdup.regions.bed.gz.csi
[2024-04-16 12:12:13,339] multiqc                                            [INFO   ]  Search path : /scale_wlg_nobackup/filesets/nobackup/uc03718/variants/kaki/markdup/H01384_markdup_autosomes.bam
[2024-04-16 12:12:13,339] multiqc                                            [INFO   ]  Search path : /scale_wlg_nobackup/filesets/nobackup/uc03718/variants/kaki/markdup/H01384_markdup_autosomes.bam.csi
[2024-04-16 12:12:13,339] multiqc                                            [INFO   ]  Search path : /scale_wlg_nobackup/filesets/nobackup/uc03718/variants/kaki/markdup/H01385_markdup.bam
[2024-04-16 12:12:13,339] multiqc                                            [INFO   ]  Search path : /scale_wlg_nobackup/filesets/nobackup/uc03718/variants/kaki/markdup/H01385_markdup.bam.csi
[2024-04-16 12:12:13,339] multiqc                                            [INFO   ]  Search path : /scale_wlg_nobackup/filesets/nobackup/uc03718/variants/kaki/markdup/H01385_markdup.mosdepth.global.dist.txt
[2024-04-16 12:12:13,339] multiqc                                            [INFO   ]  Search path : /scale_wlg_nobackup/filesets/nobackup/uc03718/variants/kaki/markdup/H01385_markdup.mosdepth.region.dist.txt
[2024-04-16 12:12:13,339] multiqc                                            [INFO   ]  Search path : /scale_wlg_nobackup/filesets/nobackup/uc03718/variants/kaki/markdup/H01385_markdup.mosdepth.summary.txt
[2024-04-16 12:12:13,339] multiqc                                            [INFO   ]  Search path : /scale_wlg_nobackup/filesets/nobackup/uc03718/variants/kaki/markdup/H01385_markdup.per-base.bed.gz
[2024-04-16 12:12:13,339] multiqc                                            [INFO   ]  Search path : /scale_wlg_nobackup/filesets/nobackup/uc03718/variants/kaki/markdup/H01385_markdup.per-base.bed.gz.csi
[2024-04-16 12:12:13,339] multiqc                                            [INFO   ]  Search path : /scale_wlg_nobackup/filesets/nobackup/uc03718/variants/kaki/markdup/H01385_markdup.regions.bed.gz
[2024-04-16 12:12:13,339] multiqc                                            [INFO   ]  Search path : /scale_wlg_nobackup/filesets/nobackup/uc03718/variants/kaki/markdup/H01385_markdup.regions.bed.gz.csi
[2024-04-16 12:12:13,340] multiqc                                            [INFO   ]  Search path : /scale_wlg_nobackup/filesets/nobackup/uc03718/variants/kaki/markdup/H01385_markdup_autosomes.bam
[2024-04-16 12:12:13,340] multiqc                                            [INFO   ]  Search path : /scale_wlg_nobackup/filesets/nobackup/uc03718/variants/kaki/markdup/H01385_markdup_autosomes.bam.csi
[2024-04-16 12:12:13,340] multiqc                                            [INFO   ]  Search path : /scale_wlg_nobackup/filesets/nobackup/uc03718/variants/kaki/markdup/H01386_markdup.bam
[2024-04-16 12:12:13,340] multiqc                                            [INFO   ]  Search path : /scale_wlg_nobackup/filesets/nobackup/uc03718/variants/kaki/markdup/H01386_markdup.bam.csi
[2024-04-16 12:12:13,340] multiqc                                            [INFO   ]  Search path : /scale_wlg_nobackup/filesets/nobackup/uc03718/variants/kaki/markdup/H01386_markdup.mosdepth.global.dist.txt
[2024-04-16 12:12:13,340] multiqc                                            [INFO   ]  Search path : /scale_wlg_nobackup/filesets/nobackup/uc03718/variants/kaki/markdup/H01386_markdup.mosdepth.region.dist.txt
[2024-04-16 12:12:13,340] multiqc                                            [INFO   ]  Search path : /scale_wlg_nobackup/filesets/nobackup/uc03718/variants/kaki/markdup/H01386_markdup.mosdepth.summary.txt
[2024-04-16 12:12:13,340] multiqc                                            [INFO   ]  Search path : /scale_wlg_nobackup/filesets/nobackup/uc03718/variants/kaki/markdup/H01386_markdup.per-base.bed.gz
[2024-04-16 12:12:13,340] multiqc                                            [INFO   ]  Search path : /scale_wlg_nobackup/filesets/nobackup/uc03718/variants/kaki/markdup/H01386_markdup.per-base.bed.gz.csi
[2024-04-16 12:12:13,340] multiqc                                            [INFO   ]  Search path : /scale_wlg_nobackup/filesets/nobackup/uc03718/variants/kaki/markdup/H01386_markdup.regions.bed.gz
[2024-04-16 12:12:13,340] multiqc                                            [INFO   ]  Search path : /scale_wlg_nobackup/filesets/nobackup/uc03718/variants/kaki/markdup/H01386_markdup.regions.bed.gz.csi
[2024-04-16 12:12:13,340] multiqc                                            [INFO   ]  Search path : /scale_wlg_nobackup/filesets/nobackup/uc03718/variants/kaki/markdup/H01386_markdup_autosomes.bam
[2024-04-16 12:12:13,340] multiqc                                            [INFO   ]  Search path : /scale_wlg_nobackup/filesets/nobackup/uc03718/variants/kaki/markdup/H01386_markdup_autosomes.bam.csi
[2024-04-16 12:12:13,340] multiqc                                            [INFO   ]  Search path : /scale_wlg_nobackup/filesets/nobackup/uc03718/variants/kaki/markdup/H01387_markdup.bam
[2024-04-16 12:12:13,340] multiqc                                            [INFO   ]  Search path : /scale_wlg_nobackup/filesets/nobackup/uc03718/variants/kaki/markdup/H01387_markdup.bam.csi
[2024-04-16 12:12:13,341] multiqc                                            [INFO   ]  Search path : /scale_wlg_nobackup/filesets/nobackup/uc03718/variants/kaki/markdup/H01387_markdup.mosdepth.global.dist.txt
[2024-04-16 12:12:13,341] multiqc                                            [INFO   ]  Search path : /scale_wlg_nobackup/filesets/nobackup/uc03718/variants/kaki/markdup/H01387_markdup.mosdepth.region.dist.txt
[2024-04-16 12:12:13,341] multiqc                                            [INFO   ]  Search path : /scale_wlg_nobackup/filesets/nobackup/uc03718/variants/kaki/markdup/H01387_markdup.mosdepth.summary.txt
[2024-04-16 12:12:13,341] multiqc                                            [INFO   ]  Search path : /scale_wlg_nobackup/filesets/nobackup/uc03718/variants/kaki/markdup/H01387_markdup.per-base.bed.gz
[2024-04-16 12:12:13,341] multiqc                                            [INFO   ]  Search path : /scale_wlg_nobackup/filesets/nobackup/uc03718/variants/kaki/markdup/H01387_markdup.per-base.bed.gz.csi
[2024-04-16 12:12:13,341] multiqc                                            [INFO   ]  Search path : /scale_wlg_nobackup/filesets/nobackup/uc03718/variants/kaki/markdup/H01387_markdup.regions.bed.gz
[2024-04-16 12:12:13,341] multiqc                                            [INFO   ]  Search path : /scale_wlg_nobackup/filesets/nobackup/uc03718/variants/kaki/markdup/H01387_markdup.regions.bed.gz.csi
[2024-04-16 12:12:13,341] multiqc                                            [INFO   ]  Search path : /scale_wlg_nobackup/filesets/nobackup/uc03718/variants/kaki/markdup/H01387_markdup_autosomes.bam
[2024-04-16 12:12:13,341] multiqc                                            [INFO   ]  Search path : /scale_wlg_nobackup/filesets/nobackup/uc03718/variants/kaki/markdup/H01387_markdup_autosomes.bam.csi
[2024-04-16 12:12:13,341] multiqc                                            [INFO   ]  Search path : /scale_wlg_nobackup/filesets/nobackup/uc03718/variants/kaki/markdup/H01388_markdup.bam
[2024-04-16 12:12:13,341] multiqc                                            [INFO   ]  Search path : /scale_wlg_nobackup/filesets/nobackup/uc03718/variants/kaki/markdup/H01388_markdup.bam.csi
[2024-04-16 12:12:13,341] multiqc                                            [INFO   ]  Search path : /scale_wlg_nobackup/filesets/nobackup/uc03718/variants/kaki/markdup/H01388_markdup.mosdepth.global.dist.txt
[2024-04-16 12:12:13,341] multiqc                                            [INFO   ]  Search path : /scale_wlg_nobackup/filesets/nobackup/uc03718/variants/kaki/markdup/H01388_markdup.mosdepth.region.dist.txt
[2024-04-16 12:12:13,341] multiqc                                            [INFO   ]  Search path : /scale_wlg_nobackup/filesets/nobackup/uc03718/variants/kaki/markdup/H01388_markdup.mosdepth.summary.txt
[2024-04-16 12:12:13,342] multiqc                                            [INFO   ]  Search path : /scale_wlg_nobackup/filesets/nobackup/uc03718/variants/kaki/markdup/H01388_markdup.per-base.bed.gz
[2024-04-16 12:12:13,342] multiqc                                            [INFO   ]  Search path : /scale_wlg_nobackup/filesets/nobackup/uc03718/variants/kaki/markdup/H01388_markdup.per-base.bed.gz.csi
[2024-04-16 12:12:13,342] multiqc                                            [INFO   ]  Search path : /scale_wlg_nobackup/filesets/nobackup/uc03718/variants/kaki/markdup/H01388_markdup.regions.bed.gz
[2024-04-16 12:12:13,342] multiqc                                            [INFO   ]  Search path : /scale_wlg_nobackup/filesets/nobackup/uc03718/variants/kaki/markdup/H01388_markdup.regions.bed.gz.csi
[2024-04-16 12:12:13,342] multiqc                                            [INFO   ]  Search path : /scale_wlg_nobackup/filesets/nobackup/uc03718/variants/kaki/markdup/H01388_markdup_autosomes.bam
[2024-04-16 12:12:13,342] multiqc                                            [INFO   ]  Search path : /scale_wlg_nobackup/filesets/nobackup/uc03718/variants/kaki/markdup/H01388_markdup_autosomes.bam.csi
[2024-04-16 12:12:13,342] multiqc                                            [INFO   ]  Search path : /scale_wlg_nobackup/filesets/nobackup/uc03718/variants/kaki/markdup/H01389_markdup.bam
[2024-04-16 12:12:13,342] multiqc                                            [INFO   ]  Search path : /scale_wlg_nobackup/filesets/nobackup/uc03718/variants/kaki/markdup/H01389_markdup.bam.csi
[2024-04-16 12:12:13,342] multiqc                                            [INFO   ]  Search path : /scale_wlg_nobackup/filesets/nobackup/uc03718/variants/kaki/markdup/H01389_markdup.mosdepth.global.dist.txt
[2024-04-16 12:12:13,342] multiqc                                            [INFO   ]  Search path : /scale_wlg_nobackup/filesets/nobackup/uc03718/variants/kaki/markdup/H01389_markdup.mosdepth.region.dist.txt
[2024-04-16 12:12:13,342] multiqc                                            [INFO   ]  Search path : /scale_wlg_nobackup/filesets/nobackup/uc03718/variants/kaki/markdup/H01389_markdup.mosdepth.summary.txt
[2024-04-16 12:12:13,342] multiqc                                            [INFO   ]  Search path : /scale_wlg_nobackup/filesets/nobackup/uc03718/variants/kaki/markdup/H01389_markdup.per-base.bed.gz
[2024-04-16 12:12:13,342] multiqc                                            [INFO   ]  Search path : /scale_wlg_nobackup/filesets/nobackup/uc03718/variants/kaki/markdup/H01389_markdup.per-base.bed.gz.csi
[2024-04-16 12:12:13,342] multiqc                                            [INFO   ]  Search path : /scale_wlg_nobackup/filesets/nobackup/uc03718/variants/kaki/markdup/H01389_markdup.regions.bed.gz
[2024-04-16 12:12:13,342] multiqc                                            [INFO   ]  Search path : /scale_wlg_nobackup/filesets/nobackup/uc03718/variants/kaki/markdup/H01389_markdup.regions.bed.gz.csi
[2024-04-16 12:12:13,343] multiqc                                            [INFO   ]  Search path : /scale_wlg_nobackup/filesets/nobackup/uc03718/variants/kaki/markdup/H01389_markdup_autosomes.bam
[2024-04-16 12:12:13,343] multiqc                                            [INFO   ]  Search path : /scale_wlg_nobackup/filesets/nobackup/uc03718/variants/kaki/markdup/H01389_markdup_autosomes.bam.csi
[2024-04-16 12:12:13,343] multiqc                                            [INFO   ]  Search path : /scale_wlg_nobackup/filesets/nobackup/uc03718/variants/kaki/markdup/H01390_markdup.bam
[2024-04-16 12:12:13,343] multiqc                                            [INFO   ]  Search path : /scale_wlg_nobackup/filesets/nobackup/uc03718/variants/kaki/markdup/H01390_markdup.bam.csi
[2024-04-16 12:12:13,343] multiqc                                            [INFO   ]  Search path : /scale_wlg_nobackup/filesets/nobackup/uc03718/variants/kaki/markdup/H01390_markdup.mosdepth.global.dist.txt
[2024-04-16 12:12:13,343] multiqc                                            [INFO   ]  Search path : /scale_wlg_nobackup/filesets/nobackup/uc03718/variants/kaki/markdup/H01390_markdup.mosdepth.region.dist.txt
[2024-04-16 12:12:13,343] multiqc                                            [INFO   ]  Search path : /scale_wlg_nobackup/filesets/nobackup/uc03718/variants/kaki/markdup/H01390_markdup.mosdepth.summary.txt
[2024-04-16 12:12:13,343] multiqc                                            [INFO   ]  Search path : /scale_wlg_nobackup/filesets/nobackup/uc03718/variants/kaki/markdup/H01390_markdup.per-base.bed.gz
[2024-04-16 12:12:13,343] multiqc                                            [INFO   ]  Search path : /scale_wlg_nobackup/filesets/nobackup/uc03718/variants/kaki/markdup/H01390_markdup.per-base.bed.gz.csi
[2024-04-16 12:12:13,343] multiqc                                            [INFO   ]  Search path : /scale_wlg_nobackup/filesets/nobackup/uc03718/variants/kaki/markdup/H01390_markdup.regions.bed.gz
[2024-04-16 12:12:13,343] multiqc                                            [INFO   ]  Search path : /scale_wlg_nobackup/filesets/nobackup/uc03718/variants/kaki/markdup/H01390_markdup.regions.bed.gz.csi
[2024-04-16 12:12:13,343] multiqc                                            [INFO   ]  Search path : /scale_wlg_nobackup/filesets/nobackup/uc03718/variants/kaki/markdup/H01390_markdup_autosomes.bam
[2024-04-16 12:12:13,343] multiqc                                            [INFO   ]  Search path : /scale_wlg_nobackup/filesets/nobackup/uc03718/variants/kaki/markdup/H01390_markdup_autosomes.bam.csi
[2024-04-16 12:12:13,343] multiqc                                            [INFO   ]  Search path : /scale_wlg_nobackup/filesets/nobackup/uc03718/variants/kaki/markdup/H01391_markdup.bam
[2024-04-16 12:12:13,344] multiqc                                            [INFO   ]  Search path : /scale_wlg_nobackup/filesets/nobackup/uc03718/variants/kaki/markdup/H01391_markdup.bam.csi
[2024-04-16 12:12:13,344] multiqc                                            [INFO   ]  Search path : /scale_wlg_nobackup/filesets/nobackup/uc03718/variants/kaki/markdup/H01391_markdup.mosdepth.global.dist.txt
[2024-04-16 12:12:13,344] multiqc                                            [INFO   ]  Search path : /scale_wlg_nobackup/filesets/nobackup/uc03718/variants/kaki/markdup/H01391_markdup.mosdepth.region.dist.txt
[2024-04-16 12:12:13,344] multiqc                                            [INFO   ]  Search path : /scale_wlg_nobackup/filesets/nobackup/uc03718/variants/kaki/markdup/H01391_markdup.mosdepth.summary.txt
[2024-04-16 12:12:13,344] multiqc                                            [INFO   ]  Search path : /scale_wlg_nobackup/filesets/nobackup/uc03718/variants/kaki/markdup/H01391_markdup.per-base.bed.gz
[2024-04-16 12:12:13,344] multiqc                                            [INFO   ]  Search path : /scale_wlg_nobackup/filesets/nobackup/uc03718/variants/kaki/markdup/H01391_markdup.per-base.bed.gz.csi
[2024-04-16 12:12:13,344] multiqc                                            [INFO   ]  Search path : /scale_wlg_nobackup/filesets/nobackup/uc03718/variants/kaki/markdup/H01391_markdup.regions.bed.gz
[2024-04-16 12:12:13,344] multiqc                                            [INFO   ]  Search path : /scale_wlg_nobackup/filesets/nobackup/uc03718/variants/kaki/markdup/H01391_markdup.regions.bed.gz.csi
[2024-04-16 12:12:13,344] multiqc                                            [INFO   ]  Search path : /scale_wlg_nobackup/filesets/nobackup/uc03718/variants/kaki/markdup/H01391_markdup_autosomes.bam
[2024-04-16 12:12:13,344] multiqc                                            [INFO   ]  Search path : /scale_wlg_nobackup/filesets/nobackup/uc03718/variants/kaki/markdup/H01391_markdup_autosomes.bam.csi
[2024-04-16 12:12:13,344] multiqc                                            [INFO   ]  Search path : /scale_wlg_nobackup/filesets/nobackup/uc03718/variants/kaki/markdup/H01392_markdup.bam
[2024-04-16 12:12:13,344] multiqc                                            [INFO   ]  Search path : /scale_wlg_nobackup/filesets/nobackup/uc03718/variants/kaki/markdup/H01392_markdup.bam.csi
[2024-04-16 12:12:13,344] multiqc                                            [INFO   ]  Search path : /scale_wlg_nobackup/filesets/nobackup/uc03718/variants/kaki/markdup/H01392_markdup.mosdepth.global.dist.txt
[2024-04-16 12:12:13,344] multiqc                                            [INFO   ]  Search path : /scale_wlg_nobackup/filesets/nobackup/uc03718/variants/kaki/markdup/H01392_markdup.mosdepth.region.dist.txt
[2024-04-16 12:12:13,344] multiqc                                            [INFO   ]  Search path : /scale_wlg_nobackup/filesets/nobackup/uc03718/variants/kaki/markdup/H01392_markdup.mosdepth.summary.txt
[2024-04-16 12:12:13,345] multiqc                                            [INFO   ]  Search path : /scale_wlg_nobackup/filesets/nobackup/uc03718/variants/kaki/markdup/H01392_markdup.per-base.bed.gz
[2024-04-16 12:12:13,345] multiqc                                            [INFO   ]  Search path : /scale_wlg_nobackup/filesets/nobackup/uc03718/variants/kaki/markdup/H01392_markdup.per-base.bed.gz.csi
[2024-04-16 12:12:13,345] multiqc                                            [INFO   ]  Search path : /scale_wlg_nobackup/filesets/nobackup/uc03718/variants/kaki/markdup/H01392_markdup.regions.bed.gz
[2024-04-16 12:12:13,345] multiqc                                            [INFO   ]  Search path : /scale_wlg_nobackup/filesets/nobackup/uc03718/variants/kaki/markdup/H01392_markdup.regions.bed.gz.csi
[2024-04-16 12:12:13,345] multiqc                                            [INFO   ]  Search path : /scale_wlg_nobackup/filesets/nobackup/uc03718/variants/kaki/markdup/H01392_markdup_autosomes.bam
[2024-04-16 12:12:13,345] multiqc                                            [INFO   ]  Search path : /scale_wlg_nobackup/filesets/nobackup/uc03718/variants/kaki/markdup/H01392_markdup_autosomes.bam.csi
[2024-04-16 12:12:13,345] multiqc                                            [INFO   ]  Search path : /scale_wlg_nobackup/filesets/nobackup/uc03718/variants/kaki/markdup/H01393_markdup.bam
[2024-04-16 12:12:13,345] multiqc                                            [INFO   ]  Search path : /scale_wlg_nobackup/filesets/nobackup/uc03718/variants/kaki/markdup/H01393_markdup.bam.csi
[2024-04-16 12:12:13,345] multiqc                                            [INFO   ]  Search path : /scale_wlg_nobackup/filesets/nobackup/uc03718/variants/kaki/markdup/H01393_markdup.mosdepth.global.dist.txt
[2024-04-16 12:12:13,345] multiqc                                            [INFO   ]  Search path : /scale_wlg_nobackup/filesets/nobackup/uc03718/variants/kaki/markdup/H01393_markdup.mosdepth.region.dist.txt
[2024-04-16 12:12:13,345] multiqc                                            [INFO   ]  Search path : /scale_wlg_nobackup/filesets/nobackup/uc03718/variants/kaki/markdup/H01393_markdup.mosdepth.summary.txt
[2024-04-16 12:12:13,345] multiqc                                            [INFO   ]  Search path : /scale_wlg_nobackup/filesets/nobackup/uc03718/variants/kaki/markdup/H01393_markdup.per-base.bed.gz
[2024-04-16 12:12:13,345] multiqc                                            [INFO   ]  Search path : /scale_wlg_nobackup/filesets/nobackup/uc03718/variants/kaki/markdup/H01393_markdup.per-base.bed.gz.csi
[2024-04-16 12:12:13,345] multiqc                                            [INFO   ]  Search path : /scale_wlg_nobackup/filesets/nobackup/uc03718/variants/kaki/markdup/H01393_markdup.regions.bed.gz
[2024-04-16 12:12:13,346] multiqc                                            [INFO   ]  Search path : /scale_wlg_nobackup/filesets/nobackup/uc03718/variants/kaki/markdup/H01393_markdup.regions.bed.gz.csi
[2024-04-16 12:12:13,346] multiqc                                            [INFO   ]  Search path : /scale_wlg_nobackup/filesets/nobackup/uc03718/variants/kaki/markdup/H01393_markdup_autosomes.bam
[2024-04-16 12:12:13,346] multiqc                                            [INFO   ]  Search path : /scale_wlg_nobackup/filesets/nobackup/uc03718/variants/kaki/markdup/H01393_markdup_autosomes.bam.csi
[2024-04-16 12:12:13,346] multiqc                                            [INFO   ]  Search path : /scale_wlg_nobackup/filesets/nobackup/uc03718/variants/kaki/markdup/H01394_markdup.bam
[2024-04-16 12:12:13,346] multiqc                                            [INFO   ]  Search path : /scale_wlg_nobackup/filesets/nobackup/uc03718/variants/kaki/markdup/H01394_markdup.bam.csi
[2024-04-16 12:12:13,346] multiqc                                            [INFO   ]  Search path : /scale_wlg_nobackup/filesets/nobackup/uc03718/variants/kaki/markdup/H01394_markdup.mosdepth.global.dist.txt
[2024-04-16 12:12:13,346] multiqc                                            [INFO   ]  Search path : /scale_wlg_nobackup/filesets/nobackup/uc03718/variants/kaki/markdup/H01394_markdup.mosdepth.region.dist.txt
[2024-04-16 12:12:13,346] multiqc                                            [INFO   ]  Search path : /scale_wlg_nobackup/filesets/nobackup/uc03718/variants/kaki/markdup/H01394_markdup.mosdepth.summary.txt
[2024-04-16 12:12:13,346] multiqc                                            [INFO   ]  Search path : /scale_wlg_nobackup/filesets/nobackup/uc03718/variants/kaki/markdup/H01394_markdup.per-base.bed.gz
[2024-04-16 12:12:13,346] multiqc                                            [INFO   ]  Search path : /scale_wlg_nobackup/filesets/nobackup/uc03718/variants/kaki/markdup/H01394_markdup.per-base.bed.gz.csi
[2024-04-16 12:12:13,346] multiqc                                            [INFO   ]  Search path : /scale_wlg_nobackup/filesets/nobackup/uc03718/variants/kaki/markdup/H01394_markdup.regions.bed.gz
[2024-04-16 12:12:13,346] multiqc                                            [INFO   ]  Search path : /scale_wlg_nobackup/filesets/nobackup/uc03718/variants/kaki/markdup/H01394_markdup.regions.bed.gz.csi
[2024-04-16 12:12:13,346] multiqc                                            [INFO   ]  Search path : /scale_wlg_nobackup/filesets/nobackup/uc03718/variants/kaki/markdup/H01394_markdup_autosomes.bam
[2024-04-16 12:12:13,346] multiqc                                            [INFO   ]  Search path : /scale_wlg_nobackup/filesets/nobackup/uc03718/variants/kaki/markdup/H01394_markdup_autosomes.bam.csi
[2024-04-16 12:12:13,346] multiqc                                            [INFO   ]  Search path : /scale_wlg_nobackup/filesets/nobackup/uc03718/variants/kaki/markdup/H01395_markdup.bam
[2024-04-16 12:12:13,347] multiqc                                            [INFO   ]  Search path : /scale_wlg_nobackup/filesets/nobackup/uc03718/variants/kaki/markdup/H01395_markdup.bam.csi
[2024-04-16 12:12:13,347] multiqc                                            [INFO   ]  Search path : /scale_wlg_nobackup/filesets/nobackup/uc03718/variants/kaki/markdup/H01395_markdup.mosdepth.global.dist.txt
[2024-04-16 12:12:13,347] multiqc                                            [INFO   ]  Search path : /scale_wlg_nobackup/filesets/nobackup/uc03718/variants/kaki/markdup/H01395_markdup.mosdepth.region.dist.txt
[2024-04-16 12:12:13,347] multiqc                                            [INFO   ]  Search path : /scale_wlg_nobackup/filesets/nobackup/uc03718/variants/kaki/markdup/H01395_markdup.mosdepth.summary.txt
[2024-04-16 12:12:13,347] multiqc                                            [INFO   ]  Search path : /scale_wlg_nobackup/filesets/nobackup/uc03718/variants/kaki/markdup/H01395_markdup.per-base.bed.gz
[2024-04-16 12:12:13,347] multiqc                                            [INFO   ]  Search path : /scale_wlg_nobackup/filesets/nobackup/uc03718/variants/kaki/markdup/H01395_markdup.per-base.bed.gz.csi
[2024-04-16 12:12:13,347] multiqc                                            [INFO   ]  Search path : /scale_wlg_nobackup/filesets/nobackup/uc03718/variants/kaki/markdup/H01395_markdup.regions.bed.gz
[2024-04-16 12:12:13,347] multiqc                                            [INFO   ]  Search path : /scale_wlg_nobackup/filesets/nobackup/uc03718/variants/kaki/markdup/H01395_markdup.regions.bed.gz.csi
[2024-04-16 12:12:13,347] multiqc                                            [INFO   ]  Search path : /scale_wlg_nobackup/filesets/nobackup/uc03718/variants/kaki/markdup/H01395_markdup_autosomes.bam
[2024-04-16 12:12:13,347] multiqc                                            [INFO   ]  Search path : /scale_wlg_nobackup/filesets/nobackup/uc03718/variants/kaki/markdup/H01395_markdup_autosomes.bam.csi
[2024-04-16 12:12:13,347] multiqc                                            [INFO   ]  Search path : /scale_wlg_nobackup/filesets/nobackup/uc03718/variants/kaki/markdup/H01396_markdup.bam
[2024-04-16 12:12:13,347] multiqc                                            [INFO   ]  Search path : /scale_wlg_nobackup/filesets/nobackup/uc03718/variants/kaki/markdup/H01396_markdup.bam.csi
[2024-04-16 12:12:13,347] multiqc                                            [INFO   ]  Search path : /scale_wlg_nobackup/filesets/nobackup/uc03718/variants/kaki/markdup/H01396_markdup.mosdepth.global.dist.txt
[2024-04-16 12:12:13,347] multiqc                                            [INFO   ]  Search path : /scale_wlg_nobackup/filesets/nobackup/uc03718/variants/kaki/markdup/H01396_markdup.mosdepth.region.dist.txt
[2024-04-16 12:12:13,347] multiqc                                            [INFO   ]  Search path : /scale_wlg_nobackup/filesets/nobackup/uc03718/variants/kaki/markdup/H01396_markdup.mosdepth.summary.txt
[2024-04-16 12:12:13,348] multiqc                                            [INFO   ]  Search path : /scale_wlg_nobackup/filesets/nobackup/uc03718/variants/kaki/markdup/H01396_markdup.per-base.bed.gz
[2024-04-16 12:12:13,348] multiqc                                            [INFO   ]  Search path : /scale_wlg_nobackup/filesets/nobackup/uc03718/variants/kaki/markdup/H01396_markdup.per-base.bed.gz.csi
[2024-04-16 12:12:13,348] multiqc                                            [INFO   ]  Search path : /scale_wlg_nobackup/filesets/nobackup/uc03718/variants/kaki/markdup/H01396_markdup.regions.bed.gz
[2024-04-16 12:12:13,348] multiqc                                            [INFO   ]  Search path : /scale_wlg_nobackup/filesets/nobackup/uc03718/variants/kaki/markdup/H01396_markdup.regions.bed.gz.csi
[2024-04-16 12:12:13,348] multiqc                                            [INFO   ]  Search path : /scale_wlg_nobackup/filesets/nobackup/uc03718/variants/kaki/markdup/H01396_markdup_autosomes.bam
[2024-04-16 12:12:13,348] multiqc                                            [INFO   ]  Search path : /scale_wlg_nobackup/filesets/nobackup/uc03718/variants/kaki/markdup/H01396_markdup_autosomes.bam.csi
[2024-04-16 12:12:13,348] multiqc                                            [INFO   ]  Search path : /scale_wlg_nobackup/filesets/nobackup/uc03718/variants/kaki/markdup/H01397_markdup.bam
[2024-04-16 12:12:13,348] multiqc                                            [INFO   ]  Search path : /scale_wlg_nobackup/filesets/nobackup/uc03718/variants/kaki/markdup/H01397_markdup.bam.csi
[2024-04-16 12:12:13,348] multiqc                                            [INFO   ]  Search path : /scale_wlg_nobackup/filesets/nobackup/uc03718/variants/kaki/markdup/H01397_markdup.mosdepth.global.dist.txt
[2024-04-16 12:12:13,348] multiqc                                            [INFO   ]  Search path : /scale_wlg_nobackup/filesets/nobackup/uc03718/variants/kaki/markdup/H01397_markdup.mosdepth.region.dist.txt
[2024-04-16 12:12:13,348] multiqc                                            [INFO   ]  Search path : /scale_wlg_nobackup/filesets/nobackup/uc03718/variants/kaki/markdup/H01397_markdup.mosdepth.summary.txt
[2024-04-16 12:12:13,348] multiqc                                            [INFO   ]  Search path : /scale_wlg_nobackup/filesets/nobackup/uc03718/variants/kaki/markdup/H01397_markdup.per-base.bed.gz
[2024-04-16 12:12:13,348] multiqc                                            [INFO   ]  Search path : /scale_wlg_nobackup/filesets/nobackup/uc03718/variants/kaki/markdup/H01397_markdup.per-base.bed.gz.csi
[2024-04-16 12:12:13,348] multiqc                                            [INFO   ]  Search path : /scale_wlg_nobackup/filesets/nobackup/uc03718/variants/kaki/markdup/H01397_markdup.regions.bed.gz
[2024-04-16 12:12:13,349] multiqc                                            [INFO   ]  Search path : /scale_wlg_nobackup/filesets/nobackup/uc03718/variants/kaki/markdup/H01397_markdup.regions.bed.gz.csi
[2024-04-16 12:12:13,349] multiqc                                            [INFO   ]  Search path : /scale_wlg_nobackup/filesets/nobackup/uc03718/variants/kaki/markdup/H01398_markdup.bam
[2024-04-16 12:12:13,349] multiqc                                            [INFO   ]  Search path : /scale_wlg_nobackup/filesets/nobackup/uc03718/variants/kaki/markdup/H01398_markdup.bam.csi
[2024-04-16 12:12:13,349] multiqc                                            [INFO   ]  Search path : /scale_wlg_nobackup/filesets/nobackup/uc03718/variants/kaki/markdup/H01398_markdup.mosdepth.global.dist.txt
[2024-04-16 12:12:13,349] multiqc                                            [INFO   ]  Search path : /scale_wlg_nobackup/filesets/nobackup/uc03718/variants/kaki/markdup/H01398_markdup.mosdepth.region.dist.txt
[2024-04-16 12:12:13,349] multiqc                                            [INFO   ]  Search path : /scale_wlg_nobackup/filesets/nobackup/uc03718/variants/kaki/markdup/H01398_markdup.mosdepth.summary.txt
[2024-04-16 12:12:13,349] multiqc                                            [INFO   ]  Search path : /scale_wlg_nobackup/filesets/nobackup/uc03718/variants/kaki/markdup/H01398_markdup.per-base.bed.gz
[2024-04-16 12:12:13,349] multiqc                                            [INFO   ]  Search path : /scale_wlg_nobackup/filesets/nobackup/uc03718/variants/kaki/markdup/H01398_markdup.per-base.bed.gz.csi
[2024-04-16 12:12:13,349] multiqc                                            [INFO   ]  Search path : /scale_wlg_nobackup/filesets/nobackup/uc03718/variants/kaki/markdup/H01398_markdup.regions.bed.gz
[2024-04-16 12:12:13,349] multiqc                                            [INFO   ]  Search path : /scale_wlg_nobackup/filesets/nobackup/uc03718/variants/kaki/markdup/H01398_markdup.regions.bed.gz.csi
[2024-04-16 12:12:13,349] multiqc                                            [INFO   ]  Search path : /scale_wlg_nobackup/filesets/nobackup/uc03718/variants/kaki/markdup/H01398_markdup_autosomes.bam
[2024-04-16 12:12:13,349] multiqc                                            [INFO   ]  Search path : /scale_wlg_nobackup/filesets/nobackup/uc03718/variants/kaki/markdup/H01398_markdup_autosomes.bam.csi
[2024-04-16 12:12:13,349] multiqc                                            [INFO   ]  Search path : /scale_wlg_nobackup/filesets/nobackup/uc03718/variants/kaki/markdup/H01399_markdup.bam
[2024-04-16 12:12:13,349] multiqc                                            [INFO   ]  Search path : /scale_wlg_nobackup/filesets/nobackup/uc03718/variants/kaki/markdup/H01399_markdup.bam.csi
[2024-04-16 12:12:13,349] multiqc                                            [INFO   ]  Search path : /scale_wlg_nobackup/filesets/nobackup/uc03718/variants/kaki/markdup/H01399_markdup.mosdepth.global.dist.txt
[2024-04-16 12:12:13,350] multiqc                                            [INFO   ]  Search path : /scale_wlg_nobackup/filesets/nobackup/uc03718/variants/kaki/markdup/H01399_markdup.mosdepth.region.dist.txt
[2024-04-16 12:12:13,350] multiqc                                            [INFO   ]  Search path : /scale_wlg_nobackup/filesets/nobackup/uc03718/variants/kaki/markdup/H01399_markdup.mosdepth.summary.txt
[2024-04-16 12:12:13,350] multiqc                                            [INFO   ]  Search path : /scale_wlg_nobackup/filesets/nobackup/uc03718/variants/kaki/markdup/H01399_markdup.per-base.bed.gz
[2024-04-16 12:12:13,350] multiqc                                            [INFO   ]  Search path : /scale_wlg_nobackup/filesets/nobackup/uc03718/variants/kaki/markdup/H01399_markdup.per-base.bed.gz.csi
[2024-04-16 12:12:13,350] multiqc                                            [INFO   ]  Search path : /scale_wlg_nobackup/filesets/nobackup/uc03718/variants/kaki/markdup/H01399_markdup.regions.bed.gz
[2024-04-16 12:12:13,350] multiqc                                            [INFO   ]  Search path : /scale_wlg_nobackup/filesets/nobackup/uc03718/variants/kaki/markdup/H01399_markdup.regions.bed.gz.csi
[2024-04-16 12:12:13,350] multiqc                                            [INFO   ]  Search path : /scale_wlg_nobackup/filesets/nobackup/uc03718/variants/kaki/markdup/H01399_markdup_autosomes.bam
[2024-04-16 12:12:13,350] multiqc                                            [INFO   ]  Search path : /scale_wlg_nobackup/filesets/nobackup/uc03718/variants/kaki/markdup/H01399_markdup_autosomes.bam.csi
[2024-04-16 12:12:13,350] multiqc                                            [INFO   ]  Search path : /scale_wlg_nobackup/filesets/nobackup/uc03718/variants/kaki/markdup/H01400_markdup.bam
[2024-04-16 12:12:13,350] multiqc                                            [INFO   ]  Search path : /scale_wlg_nobackup/filesets/nobackup/uc03718/variants/kaki/markdup/H01400_markdup.bam.csi
[2024-04-16 12:12:13,350] multiqc                                            [INFO   ]  Search path : /scale_wlg_nobackup/filesets/nobackup/uc03718/variants/kaki/markdup/H01400_markdup.mosdepth.global.dist.txt
[2024-04-16 12:12:13,350] multiqc                                            [INFO   ]  Search path : /scale_wlg_nobackup/filesets/nobackup/uc03718/variants/kaki/markdup/H01400_markdup.mosdepth.region.dist.txt
[2024-04-16 12:12:13,350] multiqc                                            [INFO   ]  Search path : /scale_wlg_nobackup/filesets/nobackup/uc03718/variants/kaki/markdup/H01400_markdup.mosdepth.summary.txt
[2024-04-16 12:12:13,350] multiqc                                            [INFO   ]  Search path : /scale_wlg_nobackup/filesets/nobackup/uc03718/variants/kaki/markdup/H01400_markdup.per-base.bed.gz
[2024-04-16 12:12:13,351] multiqc                                            [INFO   ]  Search path : /scale_wlg_nobackup/filesets/nobackup/uc03718/variants/kaki/markdup/H01400_markdup.per-base.bed.gz.csi
[2024-04-16 12:12:13,351] multiqc                                            [INFO   ]  Search path : /scale_wlg_nobackup/filesets/nobackup/uc03718/variants/kaki/markdup/H01400_markdup.regions.bed.gz
[2024-04-16 12:12:13,351] multiqc                                            [INFO   ]  Search path : /scale_wlg_nobackup/filesets/nobackup/uc03718/variants/kaki/markdup/H01400_markdup.regions.bed.gz.csi
[2024-04-16 12:12:13,351] multiqc                                            [INFO   ]  Search path : /scale_wlg_nobackup/filesets/nobackup/uc03718/variants/kaki/markdup/H01400_markdup_autosomes.bam
[2024-04-16 12:12:13,351] multiqc                                            [INFO   ]  Search path : /scale_wlg_nobackup/filesets/nobackup/uc03718/variants/kaki/markdup/H01400_markdup_autosomes.bam.csi
[2024-04-16 12:12:13,351] multiqc                                            [INFO   ]  Search path : /scale_wlg_nobackup/filesets/nobackup/uc03718/variants/kaki/markdup/H01401_markdup.bam
[2024-04-16 12:12:13,351] multiqc                                            [INFO   ]  Search path : /scale_wlg_nobackup/filesets/nobackup/uc03718/variants/kaki/markdup/H01401_markdup.bam.csi
[2024-04-16 12:12:13,351] multiqc                                            [INFO   ]  Search path : /scale_wlg_nobackup/filesets/nobackup/uc03718/variants/kaki/markdup/H01401_markdup.mosdepth.global.dist.txt
[2024-04-16 12:12:13,351] multiqc                                            [INFO   ]  Search path : /scale_wlg_nobackup/filesets/nobackup/uc03718/variants/kaki/markdup/H01401_markdup.mosdepth.region.dist.txt
[2024-04-16 12:12:13,351] multiqc                                            [INFO   ]  Search path : /scale_wlg_nobackup/filesets/nobackup/uc03718/variants/kaki/markdup/H01401_markdup.mosdepth.summary.txt
[2024-04-16 12:12:13,351] multiqc                                            [INFO   ]  Search path : /scale_wlg_nobackup/filesets/nobackup/uc03718/variants/kaki/markdup/H01401_markdup.per-base.bed.gz
[2024-04-16 12:12:13,351] multiqc                                            [INFO   ]  Search path : /scale_wlg_nobackup/filesets/nobackup/uc03718/variants/kaki/markdup/H01401_markdup.per-base.bed.gz.csi
[2024-04-16 12:12:13,351] multiqc                                            [INFO   ]  Search path : /scale_wlg_nobackup/filesets/nobackup/uc03718/variants/kaki/markdup/H01401_markdup.regions.bed.gz
[2024-04-16 12:12:13,351] multiqc                                            [INFO   ]  Search path : /scale_wlg_nobackup/filesets/nobackup/uc03718/variants/kaki/markdup/H01401_markdup.regions.bed.gz.csi
[2024-04-16 12:12:13,351] multiqc                                            [INFO   ]  Search path : /scale_wlg_nobackup/filesets/nobackup/uc03718/variants/kaki/markdup/H01401_markdup_autosomes.bam
[2024-04-16 12:12:13,352] multiqc                                            [INFO   ]  Search path : /scale_wlg_nobackup/filesets/nobackup/uc03718/variants/kaki/markdup/H01401_markdup_autosomes.bam.csi
[2024-04-16 12:12:13,352] multiqc                                            [INFO   ]  Search path : /scale_wlg_nobackup/filesets/nobackup/uc03718/variants/kaki/markdup/H01402_markdup.bam
[2024-04-16 12:12:13,352] multiqc                                            [INFO   ]  Search path : /scale_wlg_nobackup/filesets/nobackup/uc03718/variants/kaki/markdup/H01402_markdup.bam.csi
[2024-04-16 12:12:13,352] multiqc                                            [INFO   ]  Search path : /scale_wlg_nobackup/filesets/nobackup/uc03718/variants/kaki/markdup/H01402_markdup.mosdepth.global.dist.txt
[2024-04-16 12:12:13,352] multiqc                                            [INFO   ]  Search path : /scale_wlg_nobackup/filesets/nobackup/uc03718/variants/kaki/markdup/H01402_markdup.mosdepth.region.dist.txt
[2024-04-16 12:12:13,352] multiqc                                            [INFO   ]  Search path : /scale_wlg_nobackup/filesets/nobackup/uc03718/variants/kaki/markdup/H01402_markdup.mosdepth.summary.txt
[2024-04-16 12:12:13,352] multiqc                                            [INFO   ]  Search path : /scale_wlg_nobackup/filesets/nobackup/uc03718/variants/kaki/markdup/H01402_markdup.per-base.bed.gz
[2024-04-16 12:12:13,352] multiqc                                            [INFO   ]  Search path : /scale_wlg_nobackup/filesets/nobackup/uc03718/variants/kaki/markdup/H01402_markdup.per-base.bed.gz.csi
[2024-04-16 12:12:13,352] multiqc                                            [INFO   ]  Search path : /scale_wlg_nobackup/filesets/nobackup/uc03718/variants/kaki/markdup/H01402_markdup.regions.bed.gz
[2024-04-16 12:12:13,352] multiqc                                            [INFO   ]  Search path : /scale_wlg_nobackup/filesets/nobackup/uc03718/variants/kaki/markdup/H01402_markdup.regions.bed.gz.csi
[2024-04-16 12:12:13,352] multiqc                                            [INFO   ]  Search path : /scale_wlg_nobackup/filesets/nobackup/uc03718/variants/kaki/markdup/H01402_markdup_autosomes.bam
[2024-04-16 12:12:13,352] multiqc                                            [INFO   ]  Search path : /scale_wlg_nobackup/filesets/nobackup/uc03718/variants/kaki/markdup/H01402_markdup_autosomes.bam.csi
[2024-04-16 12:12:13,352] multiqc                                            [INFO   ]  Search path : /scale_wlg_nobackup/filesets/nobackup/uc03718/variants/kaki/markdup/H01403_markdup.bam
[2024-04-16 12:12:13,352] multiqc                                            [INFO   ]  Search path : /scale_wlg_nobackup/filesets/nobackup/uc03718/variants/kaki/markdup/H01403_markdup.bam.csi
[2024-04-16 12:12:13,352] multiqc                                            [INFO   ]  Search path : /scale_wlg_nobackup/filesets/nobackup/uc03718/variants/kaki/markdup/H01403_markdup.mosdepth.global.dist.txt
[2024-04-16 12:12:13,353] multiqc                                            [INFO   ]  Search path : /scale_wlg_nobackup/filesets/nobackup/uc03718/variants/kaki/markdup/H01403_markdup.mosdepth.region.dist.txt
[2024-04-16 12:12:13,353] multiqc                                            [INFO   ]  Search path : /scale_wlg_nobackup/filesets/nobackup/uc03718/variants/kaki/markdup/H01403_markdup.mosdepth.summary.txt
[2024-04-16 12:12:13,353] multiqc                                            [INFO   ]  Search path : /scale_wlg_nobackup/filesets/nobackup/uc03718/variants/kaki/markdup/H01403_markdup.per-base.bed.gz
[2024-04-16 12:12:13,353] multiqc                                            [INFO   ]  Search path : /scale_wlg_nobackup/filesets/nobackup/uc03718/variants/kaki/markdup/H01403_markdup.per-base.bed.gz.csi
[2024-04-16 12:12:13,353] multiqc                                            [INFO   ]  Search path : /scale_wlg_nobackup/filesets/nobackup/uc03718/variants/kaki/markdup/H01403_markdup.regions.bed.gz
[2024-04-16 12:12:13,353] multiqc                                            [INFO   ]  Search path : /scale_wlg_nobackup/filesets/nobackup/uc03718/variants/kaki/markdup/H01403_markdup.regions.bed.gz.csi
[2024-04-16 12:12:13,353] multiqc                                            [INFO   ]  Search path : /scale_wlg_nobackup/filesets/nobackup/uc03718/variants/kaki/markdup/H01403_markdup_autosomes.bam
[2024-04-16 12:12:13,353] multiqc                                            [INFO   ]  Search path : /scale_wlg_nobackup/filesets/nobackup/uc03718/variants/kaki/markdup/H01404_markdup.bam
[2024-04-16 12:12:13,353] multiqc                                            [INFO   ]  Search path : /scale_wlg_nobackup/filesets/nobackup/uc03718/variants/kaki/markdup/H01404_markdup.bam.csi
[2024-04-16 12:12:13,353] multiqc                                            [INFO   ]  Search path : /scale_wlg_nobackup/filesets/nobackup/uc03718/variants/kaki/markdup/H01404_markdup.mosdepth.global.dist.txt
[2024-04-16 12:12:13,353] multiqc                                            [INFO   ]  Search path : /scale_wlg_nobackup/filesets/nobackup/uc03718/variants/kaki/markdup/H01404_markdup.mosdepth.region.dist.txt
[2024-04-16 12:12:13,353] multiqc                                            [INFO   ]  Search path : /scale_wlg_nobackup/filesets/nobackup/uc03718/variants/kaki/markdup/H01404_markdup.mosdepth.summary.txt
[2024-04-16 12:12:13,353] multiqc                                            [INFO   ]  Search path : /scale_wlg_nobackup/filesets/nobackup/uc03718/variants/kaki/markdup/H01404_markdup.per-base.bed.gz
[2024-04-16 12:12:13,353] multiqc                                            [INFO   ]  Search path : /scale_wlg_nobackup/filesets/nobackup/uc03718/variants/kaki/markdup/H01404_markdup.per-base.bed.gz.csi
[2024-04-16 12:12:13,354] multiqc                                            [INFO   ]  Search path : /scale_wlg_nobackup/filesets/nobackup/uc03718/variants/kaki/markdup/H01404_markdup.regions.bed.gz
[2024-04-16 12:12:13,354] multiqc                                            [INFO   ]  Search path : /scale_wlg_nobackup/filesets/nobackup/uc03718/variants/kaki/markdup/H01404_markdup.regions.bed.gz.csi
[2024-04-16 12:12:13,354] multiqc                                            [INFO   ]  Search path : /scale_wlg_nobackup/filesets/nobackup/uc03718/variants/kaki/markdup/H01404_markdup_autosomes.bam
[2024-04-16 12:12:13,354] multiqc                                            [INFO   ]  Search path : /scale_wlg_nobackup/filesets/nobackup/uc03718/variants/kaki/markdup/H01404_markdup_autosomes.bam.csi
[2024-04-16 12:12:13,354] multiqc                                            [INFO   ]  Search path : /scale_wlg_nobackup/filesets/nobackup/uc03718/variants/kaki/markdup/H01405_markdup.bam
[2024-04-16 12:12:13,354] multiqc                                            [INFO   ]  Search path : /scale_wlg_nobackup/filesets/nobackup/uc03718/variants/kaki/markdup/H01405_markdup.bam.csi
[2024-04-16 12:12:13,354] multiqc                                            [INFO   ]  Search path : /scale_wlg_nobackup/filesets/nobackup/uc03718/variants/kaki/markdup/H01405_markdup.mosdepth.global.dist.txt
[2024-04-16 12:12:13,354] multiqc                                            [INFO   ]  Search path : /scale_wlg_nobackup/filesets/nobackup/uc03718/variants/kaki/markdup/H01405_markdup.mosdepth.region.dist.txt
[2024-04-16 12:12:13,354] multiqc                                            [INFO   ]  Search path : /scale_wlg_nobackup/filesets/nobackup/uc03718/variants/kaki/markdup/H01405_markdup.mosdepth.summary.txt
[2024-04-16 12:12:13,354] multiqc                                            [INFO   ]  Search path : /scale_wlg_nobackup/filesets/nobackup/uc03718/variants/kaki/markdup/H01405_markdup.per-base.bed.gz
[2024-04-16 12:12:13,354] multiqc                                            [INFO   ]  Search path : /scale_wlg_nobackup/filesets/nobackup/uc03718/variants/kaki/markdup/H01405_markdup.per-base.bed.gz.csi
[2024-04-16 12:12:13,354] multiqc                                            [INFO   ]  Search path : /scale_wlg_nobackup/filesets/nobackup/uc03718/variants/kaki/markdup/H01405_markdup.regions.bed.gz
[2024-04-16 12:12:13,354] multiqc                                            [INFO   ]  Search path : /scale_wlg_nobackup/filesets/nobackup/uc03718/variants/kaki/markdup/H01405_markdup.regions.bed.gz.csi
[2024-04-16 12:12:13,354] multiqc                                            [INFO   ]  Search path : /scale_wlg_nobackup/filesets/nobackup/uc03718/variants/kaki/markdup/H01405_markdup_autosomes.bam
[2024-04-16 12:12:13,355] multiqc                                            [INFO   ]  Search path : /scale_wlg_nobackup/filesets/nobackup/uc03718/variants/kaki/markdup/H01405_markdup_autosomes.bam.csi
[2024-04-16 12:12:13,355] multiqc                                            [INFO   ]  Search path : /scale_wlg_nobackup/filesets/nobackup/uc03718/variants/kaki/markdup/H01406_markdup.bam
[2024-04-16 12:12:13,355] multiqc                                            [INFO   ]  Search path : /scale_wlg_nobackup/filesets/nobackup/uc03718/variants/kaki/markdup/H01406_markdup.bam.csi
[2024-04-16 12:12:13,355] multiqc                                            [INFO   ]  Search path : /scale_wlg_nobackup/filesets/nobackup/uc03718/variants/kaki/markdup/H01406_markdup.mosdepth.global.dist.txt
[2024-04-16 12:12:13,355] multiqc                                            [INFO   ]  Search path : /scale_wlg_nobackup/filesets/nobackup/uc03718/variants/kaki/markdup/H01406_markdup.mosdepth.region.dist.txt
[2024-04-16 12:12:13,355] multiqc                                            [INFO   ]  Search path : /scale_wlg_nobackup/filesets/nobackup/uc03718/variants/kaki/markdup/H01406_markdup.mosdepth.summary.txt
[2024-04-16 12:12:13,355] multiqc                                            [INFO   ]  Search path : /scale_wlg_nobackup/filesets/nobackup/uc03718/variants/kaki/markdup/H01406_markdup.per-base.bed.gz
[2024-04-16 12:12:13,355] multiqc                                            [INFO   ]  Search path : /scale_wlg_nobackup/filesets/nobackup/uc03718/variants/kaki/markdup/H01406_markdup.per-base.bed.gz.csi
[2024-04-16 12:12:13,355] multiqc                                            [INFO   ]  Search path : /scale_wlg_nobackup/filesets/nobackup/uc03718/variants/kaki/markdup/H01406_markdup.regions.bed.gz
[2024-04-16 12:12:13,355] multiqc                                            [INFO   ]  Search path : /scale_wlg_nobackup/filesets/nobackup/uc03718/variants/kaki/markdup/H01406_markdup.regions.bed.gz.csi
[2024-04-16 12:12:13,355] multiqc                                            [INFO   ]  Search path : /scale_wlg_nobackup/filesets/nobackup/uc03718/variants/kaki/markdup/H01406_markdup_autosomes.bam
[2024-04-16 12:12:13,355] multiqc                                            [INFO   ]  Search path : /scale_wlg_nobackup/filesets/nobackup/uc03718/variants/kaki/markdup/H01406_markdup_autosomes.bam.bai
[2024-04-16 12:12:13,355] multiqc                                            [INFO   ]  Search path : /scale_wlg_nobackup/filesets/nobackup/uc03718/variants/kaki/markdup/kaki_mosdepth_markdup.45636227.err
[2024-04-16 12:12:13,355] multiqc                                            [INFO   ]  Search path : /scale_wlg_nobackup/filesets/nobackup/uc03718/variants/kaki/markdup/kaki_mosdepth_markdup.45636227.out
[2024-04-16 12:12:13,355] multiqc                                            [INFO   ]  Search path : /scale_wlg_nobackup/filesets/nobackup/uc03718/variants/kaki/markdup/kaki_mosdepth_markdup.45636605.err
[2024-04-16 12:12:13,356] multiqc                                            [INFO   ]  Search path : /scale_wlg_nobackup/filesets/nobackup/uc03718/variants/kaki/markdup/kaki_mosdepth_markdup.45636605.out
[2024-04-16 12:12:13,356] multiqc                                            [INFO   ]  Search path : /scale_wlg_nobackup/filesets/nobackup/uc03718/variants/kaki/markdup/mosdepth.sl
[2024-04-16 12:12:16,734] multiqc                                            [DEBUG  ]  Summary of files that were skipped by the search: [skipped_file_contents_search_errors: 14305] // [skipped_module_specific_max_filesize: 854] // [skipped_no_match: 194] // [skipped_ignore_pattern: 48] // [skipped_filesize_limit: 48]
[2024-04-16 12:12:19,217] multiqc.plots.bargraph                             [DEBUG  ]  Using matplotlib version 3.5.2
[2024-04-16 12:12:19,235] multiqc.plots.linegraph                            [DEBUG  ]  Using matplotlib version 3.5.2
[2024-04-16 12:12:19,237] multiqc                                            [DEBUG  ]  No samples found: custom_content
[2024-04-16 12:12:19,281] multiqc.modules.mosdepth.mosdepth                  [DEBUG  ]  include_contigs: []
[2024-04-16 12:12:19,282] multiqc.modules.mosdepth.mosdepth                  [DEBUG  ]  exclude_contigs: []
[2024-04-16 12:12:22,324] multiqc.modules.mosdepth.mosdepth                  [INFO   ]  Found 24 reports
[2024-04-16 12:12:22,581] multiqc.modules.mosdepth.mosdepth                  [DEBUG  ]  Using default coverage thresholds: 1, 5, 10, 30, 50
[2024-04-16 12:12:22,640] multiqc                                            [INFO   ]  Compressing plot data
[2024-04-16 12:12:22,893] multiqc                                            [INFO   ]  Report      : multiqc_report.html
[2024-04-16 12:12:22,894] multiqc                                            [INFO   ]  Data        : multiqc_data
[2024-04-16 12:12:22,894] multiqc                                            [DEBUG  ]  Moving data file from '/tmp/tmpf2nks1a8/multiqc_data' to '/scale_wlg_nobackup/filesets/nobackup/uc03718/variants/kaki/markdup/multiqc_data'
[2024-04-16 12:12:23,450] multiqc                                            [INFO   ]  MultiQC complete
