[2024-07-24 15:39:31,989] multiqc                                            [DEBUG  ]  This is MultiQC v1.13
[2024-07-24 15:39:31,989] multiqc                                            [DEBUG  ]  Command used: /opt/nesi/CS400_centos7_bdw/MultiQC/1.13-gimkl-2022a-Python-3.10.5/bin/multiqc -v ./
[2024-07-24 15:39:33,577] multiqc                                            [WARNING]  MultiQC Version v1.23 now available!
[2024-07-24 15:39:33,577] multiqc                                            [DEBUG  ]  Working dir : /scale_wlg_nobackup/filesets/nobackup/uc03718/variants/kaki/markdup
[2024-07-24 15:39:33,577] multiqc                                            [DEBUG  ]  Template    : default
[2024-07-24 15:39:33,577] multiqc                                            [DEBUG  ]  Running Python 3.10.5 (main, Jun 22 2022, 17:31:26) [GCC 11.3.0]
[2024-07-24 15:39:33,577] multiqc                                            [DEBUG  ]  Analysing modules: custom_content, ccs, ngsderive, purple, conpair, lima, peddy, somalier, methylQA, mosdepth, phantompeakqualtools, qualimap, preseq, quast, qorts, rna_seqc, rockhopper, rsem, rseqc, busco, bustools, goleft_indexcov, gffcompare, disambiguate, supernova, deeptools, sargasso, verifybamid, mirtrace, happy, mirtop, sambamba, homer, hops, macs2, theta2, snpeff, gatk, htseq, bcftools, featureCounts, fgbio, dragen, dedup, pbmarkdup, damageprofiler, biobambam2, jcvi, mtnucratio, picard, vep, sentieon, prokka, qc3C, nanostat, samblaster, samtools, sexdeterrmine, eigenstratdatabasetools, bamtools, jellyfish, vcftools, longranger, stacks, varscan2, snippy, bbmap, bismark, biscuit, hicexplorer, hicup, hicpro, salmon, kallisto, slamdunk, star, hisat2, tophat, bowtie2, bowtie1, snpsplit, odgi, pangolin, kat, leehom, adapterRemoval, clipandmerge, cutadapt, flexbar, kaiju, kraken, malt, trimmomatic, sickle, skewer, sortmerna, biobloomtools, fastq_screen, afterqc, fastp, fastqc, pychopper, pycoqc, minionqc, multivcfanalyzer, clusterflow, checkqc, bcl2fastq, bclconvert, interop, ivar, flash, seqyclean, optitype, whatshap
[2024-07-24 15:39:33,578] multiqc                                            [DEBUG  ]  Using temporary directory for creating report: /tmp/tmp51qi1cqv
[2024-07-24 15:39:34,098] multiqc                                            [INFO   ]  Search path : /scale_wlg_nobackup/filesets/nobackup/uc03718/variants/kaki/markdup
[2024-07-24 15:39:42,181] multiqc                                            [DEBUG  ]  Summary of files that were skipped by the search: [skipped_file_contents_search_errors: 16750] // [skipped_module_specific_max_filesize: 1209] // [skipped_no_match: 242] // [skipped_ignore_pattern: 61] // [skipped_filesize_limit: 54]
[2024-07-24 15:39:45,534] multiqc.plots.bargraph                             [DEBUG  ]  Using matplotlib version 3.5.2
[2024-07-24 15:39:45,580] multiqc.plots.linegraph                            [DEBUG  ]  Using matplotlib version 3.5.2
[2024-07-24 15:39:45,582] multiqc                                            [DEBUG  ]  No samples found: custom_content
[2024-07-24 15:39:45,621] multiqc.modules.mosdepth.mosdepth                  [DEBUG  ]  include_contigs: []
[2024-07-24 15:39:45,622] multiqc.modules.mosdepth.mosdepth                  [DEBUG  ]  exclude_contigs: []
[2024-07-24 15:39:49,523] multiqc.modules.mosdepth.mosdepth                  [INFO   ]  Found 27 reports
[2024-07-24 15:39:49,749] multiqc.modules.mosdepth.mosdepth                  [DEBUG  ]  Using default coverage thresholds: 1, 5, 10, 30, 50
[2024-07-24 15:39:49,839] multiqc.modules.samtools.samtools                  [INFO   ]  Found 26 stats reports
[2024-07-24 15:39:49,860] multiqc.modules.snippy.snippy                      [INFO   ]  Found 1 reports
[2024-07-24 15:39:49,861] multiqc.plots.bargraph                             [WARNING]  Tried to make bar plot, but had no data: snippy_variants
[2024-07-24 15:39:49,961] multiqc                                            [INFO   ]  Compressing plot data
[2024-07-24 15:39:50,198] multiqc                                            [INFO   ]  Report      : multiqc_report.html
[2024-07-24 15:39:50,198] multiqc                                            [INFO   ]  Data        : multiqc_data
[2024-07-24 15:39:50,198] multiqc                                            [DEBUG  ]  Moving data file from '/tmp/tmp51qi1cqv/multiqc_data' to '/scale_wlg_nobackup/filesets/nobackup/uc03718/variants/kaki/markdup/multiqc_data'
[2024-07-24 15:39:50,853] multiqc                                            [INFO   ]  MultiQC complete
